Determining if the pthread_create exist failed with the following output:
Change Dir: /media/angelo/WorkData/git/build/CMakeFiles/CMakeTmp

Run Build Command:"/usr/bin/make" "cmTC_530a7/fast"
/usr/bin/make -f CMakeFiles/cmTC_530a7.dir/build.make CMakeFiles/cmTC_530a7.dir/build
make[1]: Entering directory '/media/angelo/WorkData/git/build/CMakeFiles/CMakeTmp'
Building C object CMakeFiles/cmTC_530a7.dir/CheckSymbolExists.c.o
/usr/bin/cc    -o CMakeFiles/cmTC_530a7.dir/CheckSymbolExists.c.o   -c /media/angelo/WorkData/git/build/CMakeFiles/CMakeTmp/CheckSymbolExists.c
Linking C executable cmTC_530a7
/usr/bin/cmake -E cmake_link_script CMakeFiles/cmTC_530a7.dir/link.txt --verbose=1
/usr/bin/cc      -rdynamic CMakeFiles/cmTC_530a7.dir/CheckSymbolExists.c.o  -o cmTC_530a7 
CMakeFiles/cmTC_530a7.dir/CheckSymbolExists.c.o: In function `main':
CheckSymbolExists.c:(.text+0x1b): undefined reference to `pthread_create'
collect2: error: ld returned 1 exit status
CMakeFiles/cmTC_530a7.dir/build.make:97: recipe for target 'cmTC_530a7' failed
make[1]: *** [cmTC_530a7] Error 1
make[1]: Leaving directory '/media/angelo/WorkData/git/build/CMakeFiles/CMakeTmp'
Makefile:126: recipe for target 'cmTC_530a7/fast' failed
make: *** [cmTC_530a7/fast] Error 2

File /media/angelo/WorkData/git/build/CMakeFiles/CMakeTmp/CheckSymbolExists.c:
/* */
#include <pthread.h>

int main(int argc, char** argv)
{
  (void)argv;
#ifndef pthread_create
  return ((int*)(&pthread_create))[argc];
#else
  (void)argc;
  return 0;
#endif
}

Determining if the function pthread_create exists in the pthreads failed with the following output:
Change Dir: /media/angelo/WorkData/git/build/CMakeFiles/CMakeTmp

Run Build Command:"/usr/bin/make" "cmTC_40d0b/fast"
/usr/bin/make -f CMakeFiles/cmTC_40d0b.dir/build.make CMakeFiles/cmTC_40d0b.dir/build
make[1]: Entering directory '/media/angelo/WorkData/git/build/CMakeFiles/CMakeTmp'
Building C object CMakeFiles/cmTC_40d0b.dir/CheckFunctionExists.c.o
/usr/bin/cc   -DCHECK_FUNCTION_EXISTS=pthread_create   -o CMakeFiles/cmTC_40d0b.dir/CheckFunctionExists.c.o   -c /usr/share/cmake-3.10/Modules/CheckFunctionExists.c
Linking C executable cmTC_40d0b
/usr/bin/cmake -E cmake_link_script CMakeFiles/cmTC_40d0b.dir/link.txt --verbose=1
/usr/bin/cc  -DCHECK_FUNCTION_EXISTS=pthread_create    -rdynamic CMakeFiles/cmTC_40d0b.dir/CheckFunctionExists.c.o  -o cmTC_40d0b -lpthreads 
/usr/bin/ld: cannot find -lpthreads
collect2: error: ld returned 1 exit status
CMakeFiles/cmTC_40d0b.dir/build.make:97: recipe for target 'cmTC_40d0b' failed
make[1]: *** [cmTC_40d0b] Error 1
make[1]: Leaving directory '/media/angelo/WorkData/git/build/CMakeFiles/CMakeTmp'
Makefile:126: recipe for target 'cmTC_40d0b/fast' failed
make: *** [cmTC_40d0b/fast] Error 2


